<?xml version="1.0" encoding="UTF-8"?>
<!-- Generated by org.testng.reporters.JUnitReportReporter -->
<testsuite hostname="LAPTOP-SKPS2DD4" failures="0" tests="1" name="javapackage.DataProviderCode" time="6.406" errors="0" timestamp="2024-05-03T17:33:41 IST" skipped="0">
  <testcase classname="javapackage.DataProviderCode" name="setdata" time="6.406"/>
  <system-out/>
</testsuite> <!-- javapackage.DataProviderCode -->
