<?xml version="1.0" encoding="UTF-8"?>
<!-- Generated by org.testng.reporters.JUnitReportReporter -->
<testsuite hostname="LAPTOP-SKPS2DD4" failures="0" tests="1" name="javapackage.RestAssuredGETCode" time="2.370" errors="0" timestamp="2024-05-05T14:54:52 IST" skipped="0">
  <testcase classname="javapackage.RestAssuredGETCode" name="get" time="2.370"/>
  <system-out/>
</testsuite> <!-- javapackage.RestAssuredGETCode -->
