<?xml version="1.0" encoding="UTF-8"?>
<!-- Generated by org.testng.reporters.JUnitReportReporter -->
<testsuite hostname="LAPTOP-SKPS2DD4" failures="0" tests="1" name="javapackage.TestNg1" time="0.011" errors="0" timestamp="2024-04-25T17:19:14 IST" skipped="0">
  <testcase classname="javapackage.TestNg1" name="a" time="0.011"/>
  <system-out/>
</testsuite> <!-- javapackage.TestNg1 -->
