<?xml version="1.0" encoding="UTF-8"?>
<!-- Generated by org.testng.reporters.JUnitReportReporter -->
<testsuite hostname="LAPTOP-SKPS2DD4" failures="0" tests="1" name="javapackage.RestAssuredCode" time="3.739" errors="0" timestamp="2024-05-07T09:35:04 IST" skipped="0">
  <testcase classname="javapackage.RestAssuredCode" name="getdata" time="3.739"/>
  <system-out/>
</testsuite> <!-- javapackage.RestAssuredCode -->
