<?xml version="1.0" encoding="UTF-8"?>
<!-- Generated by org.testng.reporters.JUnitReportReporter -->
<testsuite hostname="LAPTOP-SKPS2DD4" failures="0" tests="2" name="javapackage.NewTest" time="0.008" errors="0" timestamp="2024-04-25T17:22:52 IST" skipped="0">
  <testcase classname="javapackage.NewTest" name="f" time="0.001"/>
  <system-out/>
  <testcase classname="javapackage.NewTest" name="a" time="0.007"/>
  <system-out/>
</testsuite> <!-- javapackage.NewTest -->
